  Source.cpp
C:\Users\Docker\source\repos\dllcodecave\dllcodecave\Source.cpp(8,12): error C2485: 'naked': unrecognized extended attribute
C:\Users\Docker\source\repos\dllcodecave\dllcodecave\Source.cpp(10,2): error C4235: nonstandard extension used: '__asm' keyword not supported on this architecture
C:\Users\Docker\source\repos\dllcodecave\dllcodecave\Source.cpp(11,3): error C2065: 'pushad': undeclared identifier
C:\Users\Docker\source\repos\dllcodecave\dllcodecave\Source.cpp(12,2): error C2143: syntax error: missing ';' before '}'
C:\Users\Docker\source\repos\dllcodecave\dllcodecave\Source.cpp(15,44): warning C4312: 'type cast': conversion from 'DWORD' to 'DWORD *' of greater size
C:\Users\Docker\source\repos\dllcodecave\dllcodecave\Source.cpp(16,33): warning C4312: 'type cast': conversion from 'DWORD' to 'DWORD *' of greater size
C:\Users\Docker\source\repos\dllcodecave\dllcodecave\Source.cpp(19,2): error C4235: nonstandard extension used: '__asm' keyword not supported on this architecture
C:\Users\Docker\source\repos\dllcodecave\dllcodecave\Source.cpp(20,3): error C2065: 'popad': undeclared identifier
C:\Users\Docker\source\repos\dllcodecave\dllcodecave\Source.cpp(21,3): error C2146: syntax error: missing ';' before identifier 'mov'
C:\Users\Docker\source\repos\dllcodecave\dllcodecave\Source.cpp(21,3): error C2065: 'mov': undeclared identifier
C:\Users\Docker\source\repos\dllcodecave\dllcodecave\Source.cpp(21,7): error C2146: syntax error: missing ';' before identifier 'eax'
C:\Users\Docker\source\repos\dllcodecave\dllcodecave\Source.cpp(21,7): error C2065: 'eax': undeclared identifier
C:\Users\Docker\source\repos\dllcodecave\dllcodecave\Source.cpp(21,12): error C2065: 'dword': undeclared identifier
C:\Users\Docker\source\repos\dllcodecave\dllcodecave\Source.cpp(21,18): error C2146: syntax error: missing ';' before identifier 'ptr'
C:\Users\Docker\source\repos\dllcodecave\dllcodecave\Source.cpp(21,18): error C2065: 'ptr': undeclared identifier
C:\Users\Docker\source\repos\dllcodecave\dllcodecave\Source.cpp(21,22): error C2146: syntax error: missing ';' before identifier 'ds'
C:\Users\Docker\source\repos\dllcodecave\dllcodecave\Source.cpp(21,26): error C2337: 'ecx': attribute not found
C:\Users\Docker\source\repos\dllcodecave\dllcodecave\Source.cpp(22,7): error C2059: syntax error: '<default int type>'
C:\Users\Docker\source\repos\dllcodecave\dllcodecave\Source.cpp(34,51): warning C4311: 'type cast': pointer truncation from 'void (__cdecl *)(void)' to 'DWORD'
C:\Users\Docker\source\repos\dllcodecave\dllcodecave\Source.cpp(34,51): warning C4302: 'type cast': truncation from 'void (__cdecl *)(void)' to 'DWORD'
C:\Users\Docker\source\repos\dllcodecave\dllcodecave\Source.cpp(34,75): warning C4311: 'type cast': pointer truncation from 'unsigned char *' to 'DWORD'
C:\Users\Docker\source\repos\dllcodecave\dllcodecave\Source.cpp(34,75): warning C4302: 'type cast': truncation from 'unsigned char *' to 'DWORD'
